
Initial statistics: 23 variables; iteration 0; function evaluation 0; phase 1
Function value 2.4503350e+04; maximum gradient component mag 9.8240e+05
Var    Value     Gradient |Var    Value     Gradient |Var    Value     Gradient
  1 -0.19398  3.10864e+05 |  2  0.00000 -8.39076e+01 |  3  0.00000 -5.01255e+01
  4  0.00000 -8.40961e+00 |  5  0.00000  3.07057e+01 |  6  0.00000  4.74485e+01
  7  0.00000  7.15399e+01 |  8  0.00000  1.00288e+02 |  9  0.00000  7.95186e+01
 10  0.00000  8.49341e+01 | 11  0.00000  6.53590e+01 | 12  0.00000  1.04113e+02
 13  0.00000  1.16043e+02 | 14  0.00000  1.23698e+02 | 15  0.00000  9.90406e+01
 16  0.00000  3.91073e+01 | 17  0.00000  4.05096e+01 | 18  0.00000  2.93186e+01
 19  0.00000 -2.53102e+01 | 20  0.00000 -7.67159e+01 | 21  0.00000 -1.01021e+02
 22  0.00000  3.94110e+00 | 23 -0.95973  9.82401e+05 |

Intermediate statistics: 23 variables; iteration 20; function evaluation 39; phase 1
Function value 2.4349072e+03; maximum gradient component mag -8.9761e+03
Var    Value     Gradient |Var    Value     Gradient |Var    Value     Gradient
  1 -0.18937 -8.41574e+02 |  2  0.02957  2.94584e+00 |  3 -0.05118 -1.77153e+01
  4 -0.07263 -6.30061e+00 |  5 -0.08889  4.40062e+00 |  6 -0.09463  4.34257e+00
  7 -0.11334 -3.83767e+00 |  8 -0.13253 -1.05127e+01 |  9 -0.10303 -3.55650e+00
 10 -0.10410 -1.22702e+00 | 11 -0.08796  4.75290e+00 | 12 -0.10955  8.03972e+00
 13 -0.12002  4.29692e+00 | 14 -0.12828 -3.65960e-01 | 15 -0.09545  2.53696e+01
 16 -0.07493 -1.37907e+00 | 17 -0.06072  1.58245e+01 | 18 -0.05256  4.58320e+00
 19 -0.01907 -1.12289e+01 | 20  0.03180 -8.97611e+00 | 21  0.09769 -1.34300e+01
 22  0.03076  1.34250e+01 | 23 -0.98725 -8.97605e+03 |
23 variables; iteration 40; function evaluation 65; phase 1
Function value 2.4332843e+03; maximum gradient component mag -2.2504e+03
Var    Value     Gradient |Var    Value     Gradient |Var    Value     Gradient
  1 -0.20066 -2.09260e+02 |  2  0.01912  9.94944e-01 |  3 -0.01071  1.03252e+01
  4 -0.07149 -3.12963e+00 |  5 -0.09823 -1.23199e+00 |  6 -0.09964  8.48378e-01
  7 -0.10963  4.71170e-01 |  8 -0.12322 -3.54351e-01 |  9 -0.10000  7.33084e-01
 10 -0.10237  1.26513e+00 | 11 -0.08985  1.46713e+00 | 12 -0.11448  1.02756e+00
 13 -0.12308  6.38342e-01 | 14 -0.12915 -6.82376e-01 | 15 -0.11388 -3.66731e+00
 16 -0.07539 -5.30637e-01 | 17 -0.07039  1.70573e-01 | 18 -0.05591 -1.18248e+00
 19 -0.01291 -3.49773e+00 | 20  0.03759 -4.06894e+00 | 21  0.11384 -9.97823e-01
 22 -0.01837  1.40130e+00 | 23 -0.98609 -2.25041e+03 |
23 variables; iteration 60; function evaluation 94; phase 1
Function value 2.4255916e+03; maximum gradient component mag -6.6181e+03
Var    Value     Gradient |Var    Value     Gradient |Var    Value     Gradient
  1 -0.31890 -1.39395e+03 |  2  0.00458  4.79912e-02 |  3 -0.03521 -6.90511e-01
  4 -0.07311  1.65376e-01 |  5 -0.10303  5.06831e-02 |  6 -0.10696 -4.61939e-02
  7 -0.11666  7.27736e-02 |  8 -0.13017  1.57867e-01 |  9 -0.10838  1.09985e-01
 10 -0.11124  8.19892e-02 | 11 -0.09908  6.88291e-02 | 12 -0.12387  7.52424e-02
 13 -0.13253  8.93418e-02 | 14 -0.13760  1.39284e-01 | 15 -0.12084  8.25247e-02
 16 -0.08428  2.40109e-01 | 17 -0.08008  7.51414e-02 | 18 -0.06428  2.13303e-01
 19 -0.01961  2.90955e-01 | 20  0.03119  3.00902e-01 | 21  0.10631  1.68383e-01
 22 -0.02643 -4.33084e-02 | 23 -0.96718 -6.61813e+03 |
Maximum number of function evaluations exceeded

 - final statistics:
23 variables; iteration 66; function evaluation 100
Function value 2.4169e+03; maximum gradient component mag -1.1310e+04
Exit code = 3;  converg criter 1.0000e+01
Var    Value     Gradient |Var    Value     Gradient |Var    Value     Gradient
  1 -0.37259 -3.38440e+03 |  2 -0.01745  1.01087e+00 |  3 -0.04810  1.17135e+00
  4 -0.08463  5.36076e-01 |  5 -0.11294  4.04300e-01 |  6 -0.11591  2.84022e-01
  7 -0.12576  1.31212e-01 |  8 -0.14011  1.36256e-01 |  9 -0.11881  2.02789e-01
 10 -0.12175  1.90332e-01 | 11 -0.10998  2.80392e-01 | 12 -0.13534  4.00145e-01
 13 -0.14463  5.43676e-01 | 14 -0.14989  5.38146e-01 | 15 -0.13366  7.39760e-01
 16 -0.09733  7.90201e-01 | 17 -0.09390  1.04732e+00 | 18 -0.07844  8.85394e-01
 19 -0.03422  8.72927e-01 | 20  0.01566  9.81262e-01 | 21  0.09117  6.56956e-01
 22 -0.03009  1.10774e-01 | 23 -0.95262 -1.13096e+04 |

Initial statistics: 27 variables; iteration 0; function evaluation 0; phase 2
Function value 2.4168914e+03; maximum gradient component mag -1.1310e+04
Var    Value     Gradient |Var    Value     Gradient |Var    Value     Gradient
  1 -0.37259 -3.38440e+03 |  2 -0.01745  1.01087e+00 |  3 -0.04810  1.17135e+00
  4 -0.08463  5.36076e-01 |  5 -0.11294  4.04300e-01 |  6 -0.11591  2.84022e-01
  7 -0.12576  1.31212e-01 |  8 -0.14011  1.36256e-01 |  9 -0.11881  2.02789e-01
 10 -0.12175  1.90332e-01 | 11 -0.10998  2.80392e-01 | 12 -0.13534  4.00145e-01
 13 -0.14463  5.43676e-01 | 14 -0.14989  5.38146e-01 | 15 -0.13366  7.39760e-01
 16 -0.09733  7.90201e-01 | 17 -0.09390  1.04732e+00 | 18 -0.07844  8.85394e-01
 19 -0.03422  8.72927e-01 | 20  0.01566  9.81262e-01 | 21  0.09117  6.56956e-01
 22 -0.03009  1.10774e-01 | 23 -0.95262 -1.13096e+04 | 24 -0.38870  3.95657e+02
 25 -0.18127 -5.89703e+01 | 26 -0.51632  6.55560e+01 | 27 -0.03301 -1.34865e+01

Intermediate statistics: 27 variables; iteration 20; function evaluation 32; phase 2
Function value 2.3885999e+03; maximum gradient component mag -7.3769e+03
Var    Value     Gradient |Var    Value     Gradient |Var    Value     Gradient
  1 -0.41618 -2.53096e+03 |  2 -0.02106  2.93059e+01 |  3 -0.01967  5.30048e+01
  4 -0.13703 -1.94958e+01 |  5 -0.14167 -8.51946e+00 |  6 -0.10205  2.79225e+01
  7 -0.13390  3.18137e+00 |  8 -0.15167 -9.07610e-01 |  9 -0.12270  9.15681e+00
 10 -0.11893  1.84343e+01 | 11 -0.11418  8.18168e+00 | 12 -0.13298  1.94352e+01
 13 -0.17154 -2.00586e+01 | 14 -0.16421 -3.87118e+00 | 15 -0.14714 -1.14371e+00
 16 -0.10941  1.74843e+00 | 17 -0.12249 -1.80014e+01 | 18 -0.11242 -2.17481e+01
 19 -0.07333 -2.99533e+01 | 20 -0.00217  3.44181e+00 | 21  0.11886  4.79910e+01
 22 -0.00438  9.04120e+00 | 23 -0.93561 -7.37687e+03 | 24 -0.41860  5.09046e+01
 25 -0.17151 -6.59818e+00 | 26 -0.61747  1.85521e-01 | 27 -0.28562 -1.67939e-02
27 variables; iteration 40; function evaluation 74; phase 2
Function value 2.2610786e+03; maximum gradient component mag -2.9121e+04
Var    Value     Gradient |Var    Value     Gradient |Var    Value     Gradient
  1 -0.49708 -2.91214e+04 |  2 -0.05240 -1.03309e+03 |  3 -0.08817 -8.87236e+02
  4 -0.06493 -1.13462e+03 |  5 -0.07930 -1.08480e+03 |  6 -0.02902 -1.49120e+03
  7 -0.01561 -1.51826e+03 |  8 -0.04576 -1.15739e+03 |  9 -0.02326 -1.19650e+03
 10 -0.05022 -9.02861e+02 | 11 -0.01760 -9.40674e+02 | 12 -0.05530 -6.07727e+02
 13 -0.04727 -5.76915e+02 | 14 -0.11494 -3.22548e+02 | 15 -0.08279 -3.01632e+02
 16 -0.04561 -2.84638e+02 | 17 -0.06842 -1.60027e+02 | 18 -0.08613 -8.52990e+01
 19 -0.06757 -3.75067e+01 | 20 -0.06523  2.00878e+01 | 21 -0.05132 -3.16458e+00
 22 -0.11553  3.90382e+00 | 23 -0.88096 -1.63538e+02 | 24 -0.53445 -1.20732e-03
 25 -0.45450 -2.74426e-03 | 26 -0.80728 -1.00557e-02 | 27 -0.67200 -5.54799e-03
27 variables; iteration 60; function evaluation 101; phase 2
Function value 2.2327399e+03; maximum gradient component mag 2.7999e+04
Var    Value     Gradient |Var    Value     Gradient |Var    Value     Gradient
  1 -0.52597  2.79992e+04 |  2  0.03116  1.98890e+03 |  3  0.03188  1.89005e+03
  4 -0.00094  1.37135e+03 |  5 -0.00002  1.36396e+03 |  6  0.04590  1.60667e+03
  7  0.06358  1.52349e+03 |  8 -0.00353  7.75374e+02 |  9  0.00261  6.24337e+02
 10  0.01144  5.28349e+02 | 11  0.04619  5.33865e+02 | 12  0.01695  3.40180e+02
 13 -0.01930  1.90616e+02 | 14 -0.01240  1.71986e+02 | 15 -0.03392  9.71419e+01
 16  0.01158  9.28637e+01 | 17 -0.02545  5.03490e+01 | 18 -0.04552  3.03799e+01
 19 -0.03611  2.05648e+01 | 20 -0.06134  6.57858e+00 | 21 -0.04021  7.61513e-01
 22 -0.13221 -9.73211e-01 | 23 -0.83504 -4.48142e+03 | 24 -0.66386 -5.37544e-03
 25 -0.50328 -3.17421e-03 | 26 -0.98791 -1.63170e-01 | 27 -0.69281 -5.99696e-03
27 variables; iteration 80; function evaluation 124; phase 2
Function value 2.2306339e+03; maximum gradient component mag 8.6430e+02
Var    Value     Gradient |Var    Value     Gradient |Var    Value     Gradient
  1 -0.52876  8.64305e+02 |  2  0.05121  6.17122e+01 |  3  0.04491  6.45426e+01
  4  0.00151  4.08664e+01 |  5 -0.01301  4.17894e+01 |  6  0.04608  4.52779e+01
  7  0.06483  4.53450e+01 |  8  0.00682  2.09157e+01 |  9  0.02074  1.88875e+01
 10  0.04789  1.90545e+01 | 11  0.05593  1.56987e+01 | 12  0.00854  7.55438e+00
 13 -0.00024  4.50990e+00 | 14 -0.01511  3.36439e+00 | 15 -0.02440  2.40393e+00
 16  0.02197  2.23073e+00 | 17 -0.01762  1.28869e+00 | 18 -0.03814  1.08277e+00
 19 -0.03006  8.69425e-01 | 20 -0.05965  5.45340e-01 | 21 -0.04368  3.50830e-01
 22 -0.13893  5.34018e-02 | 23 -0.82854 -1.24513e+02 | 24 -0.68400 -5.79717e-03
 25 -0.52050 -3.35071e-03 | 26 -0.97823 -9.14603e-02 | 27 -0.52735 -3.42281e-03
27 variables; iteration 100; function evaluation 145; phase 2
Function value 2.2305631e+03; maximum gradient component mag 2.3147e+03
Var    Value     Gradient |Var    Value     Gradient |Var    Value     Gradient
  1 -0.52861  2.31469e+03 |  2  0.05448  1.91111e+02 |  3  0.03722  1.58978e+02
  4  0.00369  1.14585e+02 |  5 -0.02008  9.31355e+01 |  6  0.05106  1.30872e+02
  7  0.06251  1.14606e+02 |  8  0.00943  6.37896e+01 |  9  0.02189  5.43158e+01
 10  0.04677  5.08184e+01 | 11  0.05536  4.04617e+01 | 12  0.00869  2.14031e+01
 13  0.00067  1.64298e+01 | 14 -0.01520  1.10427e+01 | 15 -0.02462  7.73820e+00
 16  0.02188  7.52409e+00 | 17 -0.01768  4.17890e+00 | 18 -0.03839  2.61650e+00
 19 -0.03034  1.69645e+00 | 20 -0.06009  4.88041e-01 | 21 -0.04436 -3.10356e-02
 22 -0.13964 -1.00696e-01 | 23 -0.82898 -3.88860e+02 | 24 -0.68082 -5.72801e-03
 25 -0.50439 -3.18528e-03 | 26 -0.90972 -7.64215e-03 | 27 -0.23594 -3.02016e-04
27 variables; iteration 120; function evaluation 166; phase 2
Function value 2.2305522e+03; maximum gradient component mag 1.4841e+03
Var    Value     Gradient |Var    Value     Gradient |Var    Value     Gradient
  1 -0.52876  1.48408e+03 |  2  0.05854  1.24275e+02 |  3  0.03357  9.59335e+01
  4  0.00504  7.43956e+01 |  5 -0.02042  5.96140e+01 |  6  0.04946  8.20515e+01
  7  0.06475  7.63203e+01 |  8  0.01020  4.18932e+01 |  9  0.02192  3.53290e+01
 10  0.04670  3.23325e+01 | 11  0.05552  2.64340e+01 | 12  0.00886  1.42013e+01
 13  0.00113  1.11610e+01 | 14 -0.01518  7.17324e+00 | 15 -0.02444  5.10366e+00
 16  0.02212  5.00313e+00 | 17 -0.01750  2.75415e+00 | 18 -0.03815  1.77054e+00
 19 -0.03014  1.11146e+00 | 20 -0.05989  3.49522e-01 | 21 -0.04417  1.09772e-02
 22 -0.13958 -7.23323e-02 | 23 -0.82861 -2.44329e+02 | 24 -0.68143 -5.74126e-03
 25 -0.49974 -3.13902e-03 | 26 -0.90942 -3.32139e-03 | 27 -0.22120  2.75535e-05
27 variables; iteration 140; function evaluation 187; phase 2
Function value 2.2305275e+03; maximum gradient component mag -1.5894e+03
Var    Value     Gradient |Var    Value     Gradient |Var    Value     Gradient
  1 -0.52898 -1.58944e+03 |  2  0.06467 -1.49959e+02 |  3  0.03223 -1.09224e+02
  4  0.00210 -7.78743e+01 |  5 -0.02205 -6.09133e+01 |  6  0.05231 -8.83316e+01
  7  0.06335 -7.63564e+01 |  8  0.00877 -4.33195e+01 |  9  0.02087 -3.59289e+01
 10  0.04825 -3.45448e+01 | 11  0.05518 -2.60528e+01 | 12  0.00868 -1.31895e+01
 13  0.00085 -1.02069e+01 | 14 -0.01515 -6.93113e+00 | 15 -0.02418 -4.63179e+00
 16  0.02212 -4.65506e+00 | 17 -0.01737 -2.50295e+00 | 18 -0.03802 -1.56862e+00
 19 -0.02996 -1.02953e+00 | 20 -0.05954 -4.06099e-01 | 21 -0.04363 -7.07687e-02
 22 -0.13885  4.66008e-02 | 23 -0.82807  2.75899e+02 | 24 -0.68250 -5.76505e-03
 25 -0.49597 -3.10213e-03 | 26 -0.96922 -6.47770e-02 | 27 -0.46024 -2.76911e-03
27 variables; iteration 160; function evaluation 210; phase 2
Function value 2.2305153e+03; maximum gradient component mag -1.7576e+02
Var    Value     Gradient |Var    Value     Gradient |Var    Value     Gradient
  1 -0.52928 -1.75764e+02 |  2  0.06794 -1.63034e+01 |  3  0.03525 -1.25506e+01
  4  0.00184 -8.63400e+00 |  5 -0.02234 -6.68588e+00 |  6  0.05078 -9.84415e+00
  7  0.06219 -8.57413e+00 |  8  0.01046 -4.62466e+00 |  9  0.02192 -3.79614e+00
 10  0.04827 -3.81833e+00 | 11  0.05556 -2.74388e+00 | 12  0.00896 -1.33418e+00
 13  0.00115 -1.05809e+00 | 14 -0.01462 -6.68890e-01 | 15 -0.02390 -4.49638e-01
 16  0.02253 -4.34430e-01 | 17 -0.01701 -2.39234e-01 | 18 -0.03766 -1.52380e-01
 19 -0.02960 -9.84066e-02 | 20 -0.05909 -3.07918e-02 | 21 -0.04314 -6.93785e-03
 22 -0.13846  4.45995e-03 | 23 -0.82731  3.11954e+01 | 24 -0.68224 -5.75926e-03
 25 -0.47575 -2.91096e-03 | 26 -0.91077 -5.34808e-03 | 27 -0.19811  2.12428e-04
27 variables; iteration 180; function evaluation 230; phase 2
Function value 2.2305146e+03; maximum gradient component mag 4.7090e+02
Var    Value     Gradient |Var    Value     Gradient |Var    Value     Gradient
  1 -0.52917  4.70903e+02 |  2  0.06683  4.45699e+01 |  3  0.03563  3.19880e+01
  4  0.00146  2.26739e+01 |  5 -0.02251  1.82752e+01 |  6  0.05064  2.63835e+01
  7  0.06184  2.28774e+01 |  8  0.01002  1.29030e+01 |  9  0.02162  1.06663e+01
 10  0.04821  1.05380e+01 | 11  0.05520  7.73639e+00 | 12  0.00866  4.00194e+00
 13  0.00104  3.20891e+00 | 14 -0.01486  2.07358e+00 | 15 -0.02412  1.40984e+00
 16  0.02230  1.37233e+00 | 17 -0.01723  7.13279e-01 | 18 -0.03785  4.52572e-01
 19 -0.02982  2.68716e-01 | 20 -0.05922  6.73287e-02 | 21 -0.04314  1.89587e-02
 22 -0.13841 -1.89145e-02 | 23 -0.82760 -8.12932e+01 | 24 -0.68066 -5.72517e-03
 25 -0.46965 -2.85553e-03 | 26 -0.90964 -1.58151e-03 | 27 -0.20823  2.49662e-04
27 variables; iteration 200; function evaluation 250; phase 2
Function value 2.2305144e+03; maximum gradient component mag -3.4851e+01
Var    Value     Gradient |Var    Value     Gradient |Var    Value     Gradient
  1 -0.52916 -3.48509e+01 |  2  0.06622 -3.34074e+00 |  3  0.03610 -2.46338e+00
  4  0.00175 -1.75113e+00 |  5 -0.02272 -1.38332e+00 |  6  0.05056 -1.97898e+00
  7  0.06198 -1.72345e+00 |  8  0.01009 -9.44082e-01 |  9  0.02161 -8.19557e-01
 10  0.04816 -7.16533e-01 | 11  0.05530 -5.80231e-01 | 12  0.00869 -3.16261e-01
 13  0.00089 -2.81423e-01 | 14 -0.01482 -1.20471e-01 | 15 -0.02410 -8.39444e-02
 16  0.02230 -8.12091e-02 | 17 -0.01721 -4.10603e-02 | 18 -0.03786 -2.74922e-02
 19 -0.02980 -8.12372e-03 | 20 -0.05923 -1.09731e-03 | 21 -0.04320 -1.38567e-03
 22 -0.13843  1.14654e-03 | 23 -0.82763  6.18872e+00 | 24 -0.67986 -5.70813e-03
 25 -0.46377 -2.80299e-03 | 26 -0.90980 -4.44834e-03 | 27 -0.21694  3.22152e-05
27 variables; iteration 220; function evaluation 270; phase 2
Function value 2.2305139e+03; maximum gradient component mag -3.2566e+01
Var    Value     Gradient |Var    Value     Gradient |Var    Value     Gradient
  1 -0.52916 -3.25661e+01 |  2  0.06626 -3.11074e+00 |  3  0.03609 -2.29846e+00
  4  0.00180 -1.59921e+00 |  5 -0.02271 -1.27075e+00 |  6  0.05059 -1.80951e+00
  7  0.06200 -1.58648e+00 |  8  0.01008 -8.91858e-01 |  9  0.02163 -7.71786e-01
 10  0.04811 -7.44785e-01 | 11  0.05532 -5.45452e-01 | 12  0.00872 -2.70771e-01
 13  0.00093 -2.33436e-01 | 14 -0.01484 -1.45382e-01 | 15 -0.02409 -8.80914e-02
 16  0.02231 -9.57133e-02 | 17 -0.01721 -5.22594e-02 | 18 -0.03785 -3.50704e-02
 19 -0.02979 -1.80358e-02 | 20 -0.05922 -2.86637e-03 | 21 -0.04319  1.48986e-03
 22 -0.13843  2.15698e-03 | 23 -0.82761  5.88018e+00 | 24 -0.64474 -5.02769e-03
 25 -0.17901 -9.06999e-04 | 26 -0.90365  7.81787e-03 | 27 -0.40879 -1.70848e-03
27 variables; iteration 240; function evaluation 290; phase 2
Function value 2.2305134e+03; maximum gradient component mag -9.5323e-01
Var    Value     Gradient |Var    Value     Gradient |Var    Value     Gradient
  1 -0.52916 -9.53227e-01 |  2  0.06626 -8.75123e-02 |  3  0.03614 -6.37797e-02
  4  0.00178 -4.55036e-02 |  5 -0.02270 -3.53199e-02 |  6  0.05055 -5.19938e-02
  7  0.06198 -4.60384e-02 |  8  0.01007 -2.64335e-02 |  9  0.02165 -2.09422e-02
 10  0.04812 -2.18401e-02 | 11  0.05531 -1.47416e-02 | 12  0.00871 -8.42275e-03
 13  0.00095 -6.21881e-03 | 14 -0.01485 -4.84807e-03 | 15 -0.02410 -3.13018e-03
 16  0.02231 -2.88520e-03 | 17 -0.01721 -1.22096e-03 | 18 -0.03785 -7.58454e-04
 19 -0.02980 -4.27027e-04 | 20 -0.05922 -6.34536e-06 | 21 -0.04319 -3.77537e-04
 22 -0.13843 -2.49619e-05 | 23 -0.82761  1.39665e-01 | 24 -0.60359 -4.37807e-03
 25  0.11802  5.74985e-04 | 26 -0.90860 -2.19524e-04 | 27 -0.23000  4.12390e-05
27 variables; iteration 260; function evaluation 311; phase 2
Function value 2.2305132e+03; maximum gradient component mag -2.6853e+02
Var    Value     Gradient |Var    Value     Gradient |Var    Value     Gradient
  1 -0.52916 -2.68530e+02 |  2  0.06620 -2.48281e+01 |  3  0.03617 -1.81917e+01
  4  0.00163 -1.29652e+01 |  5 -0.02247 -1.01417e+01 |  6  0.05060 -1.48479e+01
  7  0.06183 -1.30689e+01 |  8  0.00991 -7.46146e+00 |  9  0.02172 -5.99425e+00
 10  0.04801 -5.99007e+00 | 11  0.05550 -4.22917e+00 | 12  0.00856 -2.44001e+00
 13  0.00089 -1.87187e+00 | 14 -0.01491 -1.28563e+00 | 15 -0.02413 -8.69804e-01
 16  0.02232 -7.70615e-01 | 17 -0.01720 -3.82576e-01 | 18 -0.03787 -2.43050e-01
 19 -0.02979 -1.29197e-01 | 20 -0.05921 -2.40352e-02 | 21 -0.04320 -1.41225e-02
 22 -0.13839  1.21898e-02 | 23 -0.82764  4.45304e+01 | 24 -0.51227 -3.07670e-03
 25  0.00321 -1.95465e-05 | 26 -0.90701 -1.11512e-03 | 27 -0.28331 -5.79644e-04
Warning: the following parameters had issues
  selparm[7] is within 1% of lower bound: 4.00000e+00 < 4.41313e+00 < 8.40000e+01


 - final statistics:
27 variables; iteration 270; function evaluation 321
Function value 2.2305e+03; maximum gradient component mag 6.2558e-05
Exit code = 1;  converg criter 1.0000e-04
Var    Value     Gradient |Var    Value     Gradient |Var    Value     Gradient
  1 -0.52916  6.25582e-05 |  2  0.06627  5.71466e-06 |  3  0.03614  4.20600e-06
  4  0.00178  3.04524e-06 |  5 -0.02270  2.35421e-06 |  6  0.05055  3.43037e-06
  7  0.06198  3.07116e-06 |  8  0.01007  1.66523e-06 |  9  0.02165  1.40862e-06
 10  0.04812  1.42573e-06 | 11  0.05531  1.09086e-06 | 12  0.00871  5.14209e-07
 13  0.00095  5.16362e-07 | 14 -0.01484  2.11839e-07 | 15 -0.02410  2.07225e-07
 16  0.02231  2.34167e-07 | 17 -0.01721  1.08653e-07 | 18 -0.03785  6.78157e-08
 19 -0.02979  6.20436e-08 | 20 -0.05922  3.05322e-08 | 21 -0.04319  1.47568e-08
 22 -0.13843 -4.65728e-09 | 23 -0.82761 -1.01700e-05 | 24 -0.49786 -6.29899e-10
 25  0.03517 -6.31506e-11 | 26 -0.90842 -6.85431e-10 | 27 -0.23419 -2.40206e-10
Estimating row 1 out of 27 for hessian
Estimating row 2 out of 27 for hessian
Estimating row 3 out of 27 for hessian
Estimating row 4 out of 27 for hessian
Estimating row 5 out of 27 for hessian
Estimating row 6 out of 27 for hessian
Estimating row 7 out of 27 for hessian
Estimating row 8 out of 27 for hessian
Estimating row 9 out of 27 for hessian
Estimating row 10 out of 27 for hessian
Estimating row 11 out of 27 for hessian
Estimating row 12 out of 27 for hessian
Estimating row 13 out of 27 for hessian
Estimating row 14 out of 27 for hessian
Estimating row 15 out of 27 for hessian
Estimating row 16 out of 27 for hessian
Estimating row 17 out of 27 for hessian
Estimating row 18 out of 27 for hessian
Estimating row 19 out of 27 for hessian
Estimating row 20 out of 27 for hessian
Estimating row 21 out of 27 for hessian
Estimating row 22 out of 27 for hessian
Estimating row 23 out of 27 for hessian
Estimating row 24 out of 27 for hessian
Estimating row 25 out of 27 for hessian
Estimating row 26 out of 27 for hessian
Estimating row 27 out of 27 for hessian
size of file gradfil1.tmp = 0
size of file gradfil2.tmp = 0
size of file varssave.tmp = 0
size of file cmpdiff.tmp = 0
